<?xml version="1.0" encoding="UTF-8"?>
<!-- Generated by org.testng.reporters.JUnitReportReporter -->
<testsuite hostname="Akash-PC" failures="0" tests="1" name="com.excel.test.ExcelTest" time="56.438" errors="0" timestamp="2021-03-20T14:31:17 IST" skipped="0">
  <testcase classname="com.excel.test.ExcelTest" name="readData" time="56.438"/>
  <system-out/>
</testsuite> <!-- com.excel.test.ExcelTest -->
